Using pre-set license
Built from '2020.3/staging' branch; Version is '2020.3.30f1 (1fb1bf06830e) revision 2077119'; Using compiler version '192528614'; Build Type 'Release'
OS: 'Windows 10  (10.0.19044) 64bit Professional' Language: 'ko' Physical Memory: 16223 MB
BatchMode: 1, IsHumanControllingUs: 0, StartBugReporterOnCrash: 0, Is64bit: 1, IsPro: 0

COMMAND LINE ARGUMENTS:
C:\Program Files\Unity\Hub\Editor\2020.3.30f1\Editor\Unity.exe
-adb2
-batchMode
-noUpm
-name
AssetImportWorker0
-projectPath
C:/Users/nowk/Documents/GitHub/Gurums-Adventure/Gurums-Adventure2
-logFile
Logs/AssetImportWorker0.log
-srvPort
55808
Successfully changed project path to: C:/Users/nowk/Documents/GitHub/Gurums-Adventure/Gurums-Adventure2
C:/Users/nowk/Documents/GitHub/Gurums-Adventure/Gurums-Adventure2
Using Asset Import Pipeline V2.
Refreshing native plugins compatible for Editor in 37.10 ms, found 2 plugins.
Preloading 0 native plugins for Editor in 0.00 ms.
Initialize engine version: 2020.3.30f1 (1fb1bf06830e)
[Subsystems] Discovering subsystems at path C:/Program Files/Unity/Hub/Editor/2020.3.30f1/Editor/Data/Resources/UnitySubsystems
[Subsystems] Discovering subsystems at path C:/Users/nowk/Documents/GitHub/Gurums-Adventure/Gurums-Adventure2/Assets
GfxDevice: creating device client; threaded=0
Direct3D:
    Version:  Direct3D 11.0 [level 11.1]
    Renderer: NVIDIA GeForce RTX 2060 (ID=0x1f15)
    Vendor:   
    VRAM:     5980 MB
    Driver:   30.0.15.1179
Initialize mono
Mono path[0] = 'C:/Program Files/Unity/Hub/Editor/2020.3.30f1/Editor/Data/Managed'
Mono path[1] = 'C:/Program Files/Unity/Hub/Editor/2020.3.30f1/Editor/Data/MonoBleedingEdge/lib/mono/unityjit'
Mono config path = 'C:/Program Files/Unity/Hub/Editor/2020.3.30f1/Editor/Data/MonoBleedingEdge/etc'
Using monoOptions --debugger-agent=transport=dt_socket,embedding=1,server=y,suspend=n,address=127.0.0.1:56368
Begin MonoManager ReloadAssembly
Registering precompiled unity dll's ...
Register platform support module: C:/Program Files/Unity/Hub/Editor/2020.3.30f1/Editor/Data/PlaybackEngines/WindowsStandaloneSupport/UnityEditor.WindowsStandalone.Extensions.dll
Registered in 0.001558 seconds.
Native extension for WindowsStandalone target not found
Refreshing native plugins compatible for Editor in 41.81 ms, found 2 plugins.
Preloading 0 native plugins for Editor in 0.00 ms.
Mono: successfully reloaded assembly
- Completed reload, in  0.559 seconds
Domain Reload Profiling:
	ReloadAssembly (559ms)
		BeginReloadAssembly (56ms)
			ExecutionOrderSort (0ms)
			DisableScriptedObjects (0ms)
			BackupInstance (0ms)
			ReleaseScriptingObjects (0ms)
			CreateAndSetChildDomain (1ms)
		EndReloadAssembly (435ms)
			LoadAssemblies (54ms)
			RebuildTransferFunctionScriptingTraits (0ms)
			SetupTypeCache (151ms)
			ReleaseScriptCaches (0ms)
			RebuildScriptCaches (27ms)
			SetupLoadedEditorAssemblies (164ms)
				LogAssemblyErrors (0ms)
				InitializePlatformSupportModulesInManaged (4ms)
				SetLoadedEditorAssemblies (0ms)
				RefreshPlugins (42ms)
				BeforeProcessingInitializeOnLoad (14ms)
				ProcessInitializeOnLoadAttributes (76ms)
				ProcessInitializeOnLoadMethodAttributes (28ms)
				AfterProcessingInitializeOnLoad (0ms)
				EditorAssembliesLoaded (0ms)
			ExecutionOrderSort2 (0ms)
			AwakeInstancesAfterBackupRestoration (0ms)
Platform modules already initialized, skipping
Registering precompiled user dll's ...
Registered in 0.002589 seconds.
Begin MonoManager ReloadAssembly
Native extension for WindowsStandalone target not found
Refreshing native plugins compatible for Editor in 0.43 ms, found 2 plugins.
Preloading 0 native plugins for Editor in 0.00 ms.
[ScriptCompilation] NOT recompiling all scripts because this is an import worker process. Reason to compile was: Define symbols changed
Mono: successfully reloaded assembly
- Completed reload, in  0.965 seconds
Domain Reload Profiling:
	ReloadAssembly (966ms)
		BeginReloadAssembly (145ms)
			ExecutionOrderSort (0ms)
			DisableScriptedObjects (5ms)
			BackupInstance (0ms)
			ReleaseScriptingObjects (0ms)
			CreateAndSetChildDomain (18ms)
		EndReloadAssembly (765ms)
			LoadAssemblies (81ms)
			RebuildTransferFunctionScriptingTraits (0ms)
			SetupTypeCache (252ms)
			ReleaseScriptCaches (0ms)
			RebuildScriptCaches (42ms)
			SetupLoadedEditorAssemblies (290ms)
				LogAssemblyErrors (0ms)
				InitializePlatformSupportModulesInManaged (4ms)
				SetLoadedEditorAssemblies (1ms)
				RefreshPlugins (1ms)
				BeforeProcessingInitializeOnLoad (82ms)
				ProcessInitializeOnLoadAttributes (189ms)
				ProcessInitializeOnLoadMethodAttributes (8ms)
				AfterProcessingInitializeOnLoad (5ms)
				EditorAssembliesLoaded (0ms)
			ExecutionOrderSort2 (0ms)
			AwakeInstancesAfterBackupRestoration (6ms)
Platform modules already initialized, skipping
========================================================================
Worker process is ready to serve import requests
Launched and connected shader compiler UnityShaderCompiler.exe after 0.07 seconds
Refreshing native plugins compatible for Editor in 0.39 ms, found 2 plugins.
Preloading 0 native plugins for Editor in 0.00 ms.
Unloading 1633 Unused Serialized files (Serialized files now loaded: 0)
System memory in use before: 99.3 MB.
System memory in use after: 99.0 MB.

Unloading 18 unused Assets to reduce memory usage. Loaded Objects now: 2103.
Total: 2.548100 ms (FindLiveObjects: 0.139400 ms CreateObjectMapping: 0.056200 ms MarkObjects: 1.997300 ms  DeleteObjects: 0.354500 ms)

AssetImportParameters requested are different than current active one (requested -> active):
  custom:framework-win-MediaFoundation: 216162199b28c13a410421893ffa2e32 -> 
  custom:video-decoder-ogg-theora: a1e56fd34408186e4bbccfd4996cb3dc -> 
  custom:container-muxer-webm: aa71ff27fc2769a1b78a27578f13a17b -> 
  custom:container-demuxer-webm: 4f35f7cbe854078d1ac9338744f61a02 -> 
  custom:container-demuxer-ogg: 62fdf1f143b41e24485cea50d1cbac27 -> 
  custom:video-encoder-webm-vp8: eb34c28f22e8b96e1ab97ce403110664 -> 
  custom:video-decoder-webm-vp8: 9c59270c3fd7afecdb556c50c9e8de78 -> 
  custom:audio-decoder-ogg-vorbis: bf7c407c2cedff20999df2af8eb42d56 -> 
  custom:audio-encoder-webm-vorbis: bf7c407c2cedff20999df2af8eb42d56 -> 
========================================================================
Received Import Request.
  path: Assets/Assets/340
  artifactKey: Guid(df0993937ed9dcb478fc8b1ca09511ad) Importer(815301076,1909f56bfc062723c751e8b465ee728b)
Start importing Assets/Assets/340 using Guid(df0993937ed9dcb478fc8b1ca09511ad) Importer(815301076,1909f56bfc062723c751e8b465ee728b)  -> (artifact id: '226b6ad8a25a758f24b6d2c8452d40ff') in 0.009639 seconds 
========================================================================
Received Import Request.
  Time since last request: 73.284473 seconds.
  path: Assets/340/structure
  artifactKey: Guid(590a07a0aff71224db9187d2f4c85ae6) Importer(815301076,1909f56bfc062723c751e8b465ee728b)
Start importing Assets/340/structure using Guid(590a07a0aff71224db9187d2f4c85ae6) Importer(815301076,1909f56bfc062723c751e8b465ee728b)  -> (artifact id: '35ac83f35ea19c492cf87dec8bb7cc45') in 0.007556 seconds 
========================================================================
Received Import Request.
  Time since last request: 314.235349 seconds.
  path: Assets/Materials/footholds
  artifactKey: Guid(ad86a9b4585b2ed4cafb3b1588e695cb) Importer(815301076,1909f56bfc062723c751e8b465ee728b)
Start importing Assets/Materials/footholds using Guid(ad86a9b4585b2ed4cafb3b1588e695cb) Importer(815301076,1909f56bfc062723c751e8b465ee728b)  -> (artifact id: 'e4303ad4d6ad778daf46d9c206594923') in 0.007768 seconds 
========================================================================
Received Import Request.
  Time since last request: 7.659842 seconds.
  path: Assets/340/structure/realBlue.png
  artifactKey: Guid(983b8250e2372e64abcb67034bdd1655) Importer(815301076,1909f56bfc062723c751e8b465ee728b)
Start importing Assets/340/structure/realBlue.png using Guid(983b8250e2372e64abcb67034bdd1655) Importer(815301076,1909f56bfc062723c751e8b465ee728b)  -> (artifact id: '933d52874ecad90c42e3f3efeb417efe') in 0.099789 seconds 
========================================================================
Received Import Request.
  Time since last request: 263.977280 seconds.
  path: Assets/Scripts/gameManager.cs
  artifactKey: Guid(6982abce9b4836944afb410bb8c337e1) Importer(815301076,1909f56bfc062723c751e8b465ee728b)
Start importing Assets/Scripts/gameManager.cs using Guid(6982abce9b4836944afb410bb8c337e1) Importer(815301076,1909f56bfc062723c751e8b465ee728b)  -> (artifact id: 'df37f5cd6506f4574b4b5c89aab35eee') in 0.039181 seconds 
========================================================================
Received Import Request.
  Time since last request: 230.868048 seconds.
  path: Assets/Scripts/gameManager.cs
  artifactKey: Guid(6982abce9b4836944afb410bb8c337e1) Importer(815301076,1909f56bfc062723c751e8b465ee728b)
Start importing Assets/Scripts/gameManager.cs using Guid(6982abce9b4836944afb410bb8c337e1) Importer(815301076,1909f56bfc062723c751e8b465ee728b)  -> (artifact id: 'b6dfd601c88df71b3149d77e66563a84') in 0.001905 seconds 
========================================================================
Received Import Request.
  Time since last request: 55.727235 seconds.
  path: Assets/Scripts/gameManager.cs
  artifactKey: Guid(6982abce9b4836944afb410bb8c337e1) Importer(815301076,1909f56bfc062723c751e8b465ee728b)
Start importing Assets/Scripts/gameManager.cs using Guid(6982abce9b4836944afb410bb8c337e1) Importer(815301076,1909f56bfc062723c751e8b465ee728b)  -> (artifact id: '5812df670778b5873126c26523d294e1') in 0.004553 seconds 
========================================================================
Received Import Request.
  Time since last request: 373.080243 seconds.
  path: Assets/Scripts/gameManager.cs
  artifactKey: Guid(6982abce9b4836944afb410bb8c337e1) Importer(815301076,1909f56bfc062723c751e8b465ee728b)
Start importing Assets/Scripts/gameManager.cs using Guid(6982abce9b4836944afb410bb8c337e1) Importer(815301076,1909f56bfc062723c751e8b465ee728b)  -> (artifact id: '8143fe575cd80c4c519d503710a78faa') in 0.002938 seconds 
